xbar: (0, 0, 0, 0)      conv_size [224, 224]    conv_buf 4044   pool_buf 14336  inter_buf 0     merge_buf 0     gather_buf 0
xbar: (1, 0, 0, 0)      conv_size (56, 56)      conv_buf 3584   pool_buf --     inter_buf 0     merge_buf 0     gather_buf 0
xbar: (2, 0, 0, 0)      conv_size (56, 56)      conv_buf 3584   pool_buf --     inter_buf 0     merge_buf 0     gather_buf 0
xbar: (3, 0, 0, 0)      conv_size (56, 56)      conv_buf 10880  pool_buf --     inter_buf 0     merge_buf 0     gather_buf 0
xbar: (4, 0, 0, 0)      conv_size (56, 56)      conv_buf 7232   pool_buf --     inter_buf 0     merge_buf 0     gather_buf 14592
xbar: (5, 0, 0, 0)      conv_size (56, 56)      conv_buf 28928  pool_buf --     inter_buf 0     merge_buf 0     gather_buf 0
xbar: (6, 0, 0, 0)      conv_size (56, 56)      conv_buf 14528  pool_buf --     inter_buf 0     merge_buf 0     gather_buf 0
xbar: (7, 0, 0, 0)      conv_size (56, 56)      conv_buf 10880  pool_buf --     inter_buf 0     merge_buf 0     gather_buf 14592
xbar: (8, 0, 0, 0)      conv_size (56, 56)      conv_buf 43520  pool_buf --     inter_buf 0     merge_buf 0     gather_buf 0
xbar: (9, 0, 0, 0)      conv_size (56, 56)      conv_buf 18176  pool_buf --     inter_buf 0     merge_buf 0     gather_buf 0
xbar: (10, 0, 0, 0)     conv_size (56, 56)      conv_buf 14528  pool_buf --     inter_buf 0     merge_buf 0     gather_buf 14592
xbar: (11, 0, 0, 0)     conv_size (56, 56)      conv_buf 58112  pool_buf --     inter_buf 0     merge_buf 0     gather_buf 0
xbar: (12, 0, 0, 0)     conv_size (56, 56)      conv_buf 58368  pool_buf --     inter_buf 0     merge_buf 0     gather_buf 0
xbar: (12, 1, 0, 0)     conv_size (56, 56)      conv_buf 58368  pool_buf --     inter_buf 0     merge_buf 0     gather_buf 0
xbar: (13, 0, 0, 0)     conv_size (56, 56)      conv_buf 42752  pool_buf --     inter_buf 0     merge_buf 0     gather_buf 0
xbar: (14, 0, 0, 0)     conv_size (28, 28)      conv_buf 10624  pool_buf --     inter_buf 0     merge_buf 0     gather_buf 14336
xbar: (14, 1, 0, 0)     conv_size (28, 28)      conv_buf 10624  pool_buf --     inter_buf 0     merge_buf 0     gather_buf 14336
xbar: (15, 0, 1, 0)     conv_size (28, 28)      conv_buf 21248  pool_buf --     inter_buf 0     merge_buf 0     gather_buf 0
xbar: (15, 0, 0, 0)     conv_size (28, 28)      conv_buf 21248  pool_buf --     inter_buf 0     merge_buf 0     gather_buf 0
xbar: (16, 0, 0, 0)     conv_size (28, 28)      conv_buf 17920  pool_buf --     inter_buf 0     merge_buf 0     gather_buf 0
xbar: (17, 0, 0, 0)     conv_size (28, 28)      conv_buf 14208  pool_buf --     inter_buf 0     merge_buf 0     gather_buf 14848
xbar: (17, 1, 0, 0)     conv_size (28, 28)      conv_buf 14208  pool_buf --     inter_buf 0     merge_buf 0     gather_buf 14848
xbar: (18, 0, 1, 0)     conv_size (28, 28)      conv_buf 28416  pool_buf --     inter_buf 0     merge_buf 0     gather_buf 0
xbar: (18, 0, 0, 0)     conv_size (28, 28)      conv_buf 28416  pool_buf --     inter_buf 0     merge_buf 0     gather_buf 0
xbar: (19, 0, 0, 0)     conv_size (28, 28)      conv_buf 21504  pool_buf --     inter_buf 0     merge_buf 0     gather_buf 0
xbar: (20, 0, 0, 0)     conv_size (28, 28)      conv_buf 17792  pool_buf --     inter_buf 0     merge_buf 0     gather_buf 14848
xbar: (20, 1, 0, 0)     conv_size (28, 28)      conv_buf 17792  pool_buf --     inter_buf 0     merge_buf 0     gather_buf 14848
xbar: (21, 0, 1, 0)     conv_size (28, 28)      conv_buf 35584  pool_buf --     inter_buf 0     merge_buf 0     gather_buf 0
xbar: (21, 0, 0, 0)     conv_size (28, 28)      conv_buf 35584  pool_buf --     inter_buf 0     merge_buf 0     gather_buf 0
xbar: (22, 0, 0, 0)     conv_size (28, 28)      conv_buf 25088  pool_buf --     inter_buf 0     merge_buf 0     gather_buf 0
xbar: (23, 0, 0, 0)     conv_size (28, 28)      conv_buf 21376  pool_buf --     inter_buf 0     merge_buf 0     gather_buf 14848
xbar: (23, 1, 0, 0)     conv_size (28, 28)      conv_buf 21376  pool_buf --     inter_buf 0     merge_buf 0     gather_buf 14848
xbar: (24, 0, 1, 0)     conv_size (28, 28)      conv_buf 42752  pool_buf --     inter_buf 0     merge_buf 0     gather_buf 0
xbar: (25, 0, 1, 0)     conv_size (28, 28)      conv_buf 41984  pool_buf --     inter_buf 0     merge_buf 0     gather_buf 0
xbar: (25, 1, 1, 0)     conv_size (28, 28)      conv_buf 41984  pool_buf --     inter_buf 0     merge_buf 0     gather_buf 0
xbar: (25, 2, 1, 0)     conv_size (28, 28)      conv_buf 41984  pool_buf --     inter_buf 0     merge_buf 0     gather_buf 0
xbar: (25, 3, 1, 0)     conv_size (28, 28)      conv_buf 41984  pool_buf --     inter_buf 0     merge_buf 0     gather_buf 0
xbar: (24, 0, 0, 0)     conv_size (28, 28)      conv_buf 42752  pool_buf --     inter_buf 0     merge_buf 0     gather_buf 0
xbar: (25, 0, 0, 0)     conv_size (28, 28)      conv_buf 41984  pool_buf --     inter_buf 0     merge_buf 0     gather_buf 0
xbar: (25, 1, 0, 0)     conv_size (28, 28)      conv_buf 41984  pool_buf --     inter_buf 0     merge_buf 0     gather_buf 0
xbar: (25, 2, 0, 0)     conv_size (28, 28)      conv_buf 41984  pool_buf --     inter_buf 0     merge_buf 0     gather_buf 0
xbar: (25, 3, 0, 0)     conv_size (28, 28)      conv_buf 41984  pool_buf --     inter_buf 0     merge_buf 0     gather_buf 0
xbar: (26, 0, 0, 1)     conv_size (28, 28)      conv_buf 56832  pool_buf --     inter_buf 0     merge_buf 0     gather_buf 0
xbar: (26, 0, 0, 0)     conv_size (28, 28)      conv_buf 56832  pool_buf --     inter_buf 0     merge_buf 0     gather_buf 0
xbar: (27, 0, 0, 0)     conv_size (14, 14)      conv_buf 14080  pool_buf --     inter_buf 0     merge_buf 0     gather_buf 14336
xbar: (27, 1, 0, 0)     conv_size (14, 14)      conv_buf 14080  pool_buf --     inter_buf 0     merge_buf 0     gather_buf 14336
xbar: (27, 2, 0, 0)     conv_size (14, 14)      conv_buf 14080  pool_buf --     inter_buf 0     merge_buf 0     gather_buf 14336
xbar: (27, 3, 0, 0)     conv_size (14, 14)      conv_buf 14080  pool_buf --     inter_buf 0     merge_buf 0     gather_buf 14336
xbar: (28, 0, 1, 0)     conv_size (14, 14)      conv_buf 14080  pool_buf --     inter_buf 0     merge_buf 0     gather_buf 0
xbar: (28, 0, 2, 0)     conv_size (14, 14)      conv_buf 14080  pool_buf --     inter_buf 0     merge_buf 0     gather_buf 0
xbar: (28, 0, 3, 0)     conv_size (14, 14)      conv_buf 14080  pool_buf --     inter_buf 0     merge_buf 0     gather_buf 0
xbar: (28, 0, 0, 0)     conv_size (14, 14)      conv_buf 14080  pool_buf --     inter_buf 0     merge_buf 0     gather_buf 0
xbar: (29, 0, 0, 1)     conv_size (14, 14)      conv_buf 21504  pool_buf --     inter_buf 0     merge_buf 0     gather_buf 0
xbar: (29, 0, 0, 0)     conv_size (14, 14)      conv_buf 21504  pool_buf --     inter_buf 0     merge_buf 0     gather_buf 0
xbar: (30, 0, 0, 0)     conv_size (14, 14)      conv_buf 17664  pool_buf --     inter_buf 0     merge_buf 0     gather_buf 15360
xbar: (30, 1, 0, 0)     conv_size (14, 14)      conv_buf 17664  pool_buf --     inter_buf 0     merge_buf 0     gather_buf 15360
xbar: (30, 2, 0, 0)     conv_size (14, 14)      conv_buf 17664  pool_buf --     inter_buf 0     merge_buf 0     gather_buf 15360
xbar: (30, 3, 0, 0)     conv_size (14, 14)      conv_buf 17664  pool_buf --     inter_buf 0     merge_buf 0     gather_buf 15360
xbar: (31, 0, 1, 0)     conv_size (14, 14)      conv_buf 17664  pool_buf --     inter_buf 0     merge_buf 0     gather_buf 0
xbar: (31, 0, 2, 0)     conv_size (14, 14)      conv_buf 17664  pool_buf --     inter_buf 0     merge_buf 0     gather_buf 0
xbar: (31, 0, 3, 0)     conv_size (14, 14)      conv_buf 17664  pool_buf --     inter_buf 0     merge_buf 0     gather_buf 0
xbar: (31, 0, 0, 0)     conv_size (14, 14)      conv_buf 17664  pool_buf --     inter_buf 0     merge_buf 0     gather_buf 0
xbar: (32, 0, 0, 1)     conv_size (14, 14)      conv_buf 25088  pool_buf --     inter_buf 0     merge_buf 0     gather_buf 0
xbar: (32, 0, 0, 0)     conv_size (14, 14)      conv_buf 25088  pool_buf --     inter_buf 0     merge_buf 0     gather_buf 0
xbar: (33, 0, 0, 0)     conv_size (14, 14)      conv_buf 21248  pool_buf --     inter_buf 0     merge_buf 0     gather_buf 15360
xbar: (33, 1, 0, 0)     conv_size (14, 14)      conv_buf 21248  pool_buf --     inter_buf 0     merge_buf 0     gather_buf 15360
xbar: (33, 2, 0, 0)     conv_size (14, 14)      conv_buf 21248  pool_buf --     inter_buf 0     merge_buf 0     gather_buf 15360
xbar: (33, 3, 0, 0)     conv_size (14, 14)      conv_buf 21248  pool_buf --     inter_buf 0     merge_buf 0     gather_buf 15360
xbar: (34, 0, 1, 0)     conv_size (14, 14)      conv_buf 21248  pool_buf --     inter_buf 0     merge_buf 0     gather_buf 0
xbar: (34, 0, 2, 0)     conv_size (14, 14)      conv_buf 21248  pool_buf --     inter_buf 0     merge_buf 0     gather_buf 0
xbar: (34, 0, 3, 0)     conv_size (14, 14)      conv_buf 21248  pool_buf --     inter_buf 0     merge_buf 0     gather_buf 0
xbar: (34, 0, 0, 0)     conv_size (14, 14)      conv_buf 21248  pool_buf --     inter_buf 0     merge_buf 0     gather_buf 0
xbar: (35, 0, 0, 1)     conv_size (14, 14)      conv_buf 28672  pool_buf --     inter_buf 0     merge_buf 0     gather_buf 0
xbar: (35, 0, 0, 0)     conv_size (14, 14)      conv_buf 28672  pool_buf --     inter_buf 0     merge_buf 0     gather_buf 0
xbar: (36, 0, 0, 0)     conv_size (14, 14)      conv_buf 24832  pool_buf --     inter_buf 0     merge_buf 0     gather_buf 15360
xbar: (36, 1, 0, 0)     conv_size (14, 14)      conv_buf 24832  pool_buf --     inter_buf 0     merge_buf 0     gather_buf 15360
xbar: (36, 2, 0, 0)     conv_size (14, 14)      conv_buf 24832  pool_buf --     inter_buf 0     merge_buf 0     gather_buf 15360
xbar: (36, 3, 0, 0)     conv_size (14, 14)      conv_buf 24832  pool_buf --     inter_buf 0     merge_buf 0     gather_buf 15360
xbar: (37, 0, 1, 0)     conv_size (14, 14)      conv_buf 24832  pool_buf --     inter_buf 0     merge_buf 0     gather_buf 0
xbar: (37, 0, 2, 0)     conv_size (14, 14)      conv_buf 24832  pool_buf --     inter_buf 0     merge_buf 0     gather_buf 0
xbar: (37, 0, 3, 0)     conv_size (14, 14)      conv_buf 24832  pool_buf --     inter_buf 0     merge_buf 0     gather_buf 0
xbar: (37, 0, 0, 0)     conv_size (14, 14)      conv_buf 24832  pool_buf --     inter_buf 0     merge_buf 0     gather_buf 0
xbar: (38, 0, 0, 1)     conv_size (14, 14)      conv_buf 32256  pool_buf --     inter_buf 0     merge_buf 0     gather_buf 0
xbar: (38, 0, 0, 0)     conv_size (14, 14)      conv_buf 32256  pool_buf --     inter_buf 0     merge_buf 0     gather_buf 0
xbar: (39, 0, 0, 0)     conv_size (14, 14)      conv_buf 28416  pool_buf --     inter_buf 0     merge_buf 0     gather_buf 15360
xbar: (39, 1, 0, 0)     conv_size (14, 14)      conv_buf 28416  pool_buf --     inter_buf 0     merge_buf 0     gather_buf 15360
xbar: (39, 2, 0, 0)     conv_size (14, 14)      conv_buf 28416  pool_buf --     inter_buf 0     merge_buf 0     gather_buf 15360
xbar: (39, 3, 0, 0)     conv_size (14, 14)      conv_buf 28416  pool_buf --     inter_buf 0     merge_buf 0     gather_buf 15360
xbar: (40, 0, 1, 0)     conv_size (14, 14)      conv_buf 28416  pool_buf --     inter_buf 0     merge_buf 0     gather_buf 0
xbar: (40, 0, 2, 0)     conv_size (14, 14)      conv_buf 28416  pool_buf --     inter_buf 0     merge_buf 0     gather_buf 0
xbar: (40, 0, 3, 0)     conv_size (14, 14)      conv_buf 28416  pool_buf --     inter_buf 0     merge_buf 0     gather_buf 0
xbar: (40, 0, 0, 0)     conv_size (14, 14)      conv_buf 28416  pool_buf --     inter_buf 0     merge_buf 0     gather_buf 0
xbar: (41, 0, 0, 1)     conv_size (14, 14)      conv_buf 35840  pool_buf --     inter_buf 0     merge_buf 0     gather_buf 0
xbar: (41, 0, 0, 0)     conv_size (14, 14)      conv_buf 35840  pool_buf --     inter_buf 0     merge_buf 0     gather_buf 0
xbar: (42, 0, 0, 0)     conv_size (14, 14)      conv_buf 32000  pool_buf --     inter_buf 0     merge_buf 0     gather_buf 15360
xbar: (42, 1, 0, 0)     conv_size (14, 14)      conv_buf 32000  pool_buf --     inter_buf 0     merge_buf 0     gather_buf 15360
xbar: (42, 2, 0, 0)     conv_size (14, 14)      conv_buf 32000  pool_buf --     inter_buf 0     merge_buf 0     gather_buf 15360
xbar: (42, 3, 0, 0)     conv_size (14, 14)      conv_buf 32000  pool_buf --     inter_buf 0     merge_buf 0     gather_buf 15360
xbar: (43, 0, 1, 0)     conv_size (14, 14)      conv_buf 32000  pool_buf --     inter_buf 0     merge_buf 0     gather_buf 0
xbar: (43, 1, 1, 0)     conv_size (14, 14)      conv_buf 32000  pool_buf --     inter_buf 0     merge_buf 0     gather_buf 0
xbar: (44, 0, 1, 0)     conv_size (14, 14)      conv_buf 34816  pool_buf --     inter_buf 0     merge_buf 0     gather_buf 0
xbar: (44, 1, 1, 0)     conv_size (14, 14)      conv_buf 34816  pool_buf --     inter_buf 0     merge_buf 0     gather_buf 0
xbar: (44, 2, 1, 0)     conv_size (14, 14)      conv_buf 34816  pool_buf --     inter_buf 0     merge_buf 0     gather_buf 0
xbar: (44, 3, 1, 0)     conv_size (14, 14)      conv_buf 34816  pool_buf --     inter_buf 0     merge_buf 0     gather_buf 0
xbar: (44, 4, 1, 0)     conv_size (14, 14)      conv_buf 34816  pool_buf --     inter_buf 0     merge_buf 0     gather_buf 0
xbar: (44, 5, 1, 0)     conv_size (14, 14)      conv_buf 34816  pool_buf --     inter_buf 0     merge_buf 0     gather_buf 0
xbar: (44, 6, 1, 0)     conv_size (14, 14)      conv_buf 34816  pool_buf --     inter_buf 0     merge_buf 0     gather_buf 0
xbar: (44, 7, 1, 0)     conv_size (14, 14)      conv_buf 34816  pool_buf --     inter_buf 0     merge_buf 0     gather_buf 0
xbar: (43, 0, 2, 0)     conv_size (14, 14)      conv_buf 32000  pool_buf --     inter_buf 0     merge_buf 0     gather_buf 0
xbar: (43, 1, 2, 0)     conv_size (14, 14)      conv_buf 32000  pool_buf --     inter_buf 0     merge_buf 0     gather_buf 0
xbar: (44, 0, 2, 0)     conv_size (14, 14)      conv_buf 34816  pool_buf --     inter_buf 0     merge_buf 0     gather_buf 0
xbar: (44, 1, 2, 0)     conv_size (14, 14)      conv_buf 34816  pool_buf --     inter_buf 0     merge_buf 0     gather_buf 0
xbar: (44, 2, 2, 0)     conv_size (14, 14)      conv_buf 34816  pool_buf --     inter_buf 0     merge_buf 0     gather_buf 0
xbar: (44, 3, 2, 0)     conv_size (14, 14)      conv_buf 34816  pool_buf --     inter_buf 0     merge_buf 0     gather_buf 0
xbar: (44, 4, 2, 0)     conv_size (14, 14)      conv_buf 34816  pool_buf --     inter_buf 0     merge_buf 0     gather_buf 0
xbar: (44, 5, 2, 0)     conv_size (14, 14)      conv_buf 34816  pool_buf --     inter_buf 0     merge_buf 0     gather_buf 0
xbar: (44, 6, 2, 0)     conv_size (14, 14)      conv_buf 34816  pool_buf --     inter_buf 0     merge_buf 0     gather_buf 0
xbar: (44, 7, 2, 0)     conv_size (14, 14)      conv_buf 34816  pool_buf --     inter_buf 0     merge_buf 0     gather_buf 0
xbar: (43, 0, 3, 0)     conv_size (14, 14)      conv_buf 32000  pool_buf --     inter_buf 0     merge_buf 0     gather_buf 0
xbar: (43, 1, 3, 0)     conv_size (14, 14)      conv_buf 32000  pool_buf --     inter_buf 0     merge_buf 0     gather_buf 0
xbar: (44, 0, 3, 0)     conv_size (14, 14)      conv_buf 34816  pool_buf --     inter_buf 0     merge_buf 0     gather_buf 0
xbar: (44, 1, 3, 0)     conv_size (14, 14)      conv_buf 34816  pool_buf --     inter_buf 0     merge_buf 0     gather_buf 0
xbar: (44, 2, 3, 0)     conv_size (14, 14)      conv_buf 34816  pool_buf --     inter_buf 0     merge_buf 0     gather_buf 0
xbar: (44, 3, 3, 0)     conv_size (14, 14)      conv_buf 34816  pool_buf --     inter_buf 0     merge_buf 0     gather_buf 0
xbar: (44, 4, 3, 0)     conv_size (14, 14)      conv_buf 34816  pool_buf --     inter_buf 0     merge_buf 0     gather_buf 0
xbar: (44, 5, 3, 0)     conv_size (14, 14)      conv_buf 34816  pool_buf --     inter_buf 0     merge_buf 0     gather_buf 0
xbar: (44, 6, 3, 0)     conv_size (14, 14)      conv_buf 34816  pool_buf --     inter_buf 0     merge_buf 0     gather_buf 0
xbar: (44, 7, 3, 0)     conv_size (14, 14)      conv_buf 34816  pool_buf --     inter_buf 0     merge_buf 0     gather_buf 0
xbar: (43, 0, 0, 0)     conv_size (14, 14)      conv_buf 32000  pool_buf --     inter_buf 0     merge_buf 0     gather_buf 0
xbar: (43, 1, 0, 0)     conv_size (14, 14)      conv_buf 32000  pool_buf --     inter_buf 0     merge_buf 0     gather_buf 0
xbar: (44, 0, 0, 0)     conv_size (14, 14)      conv_buf 34816  pool_buf --     inter_buf 0     merge_buf 0     gather_buf 0
xbar: (44, 1, 0, 0)     conv_size (14, 14)      conv_buf 34816  pool_buf --     inter_buf 0     merge_buf 0     gather_buf 0
xbar: (44, 2, 0, 0)     conv_size (14, 14)      conv_buf 34816  pool_buf --     inter_buf 0     merge_buf 0     gather_buf 0
xbar: (44, 3, 0, 0)     conv_size (14, 14)      conv_buf 34816  pool_buf --     inter_buf 0     merge_buf 0     gather_buf 0
xbar: (44, 4, 0, 0)     conv_size (14, 14)      conv_buf 34816  pool_buf --     inter_buf 0     merge_buf 0     gather_buf 0
xbar: (44, 5, 0, 0)     conv_size (14, 14)      conv_buf 34816  pool_buf --     inter_buf 0     merge_buf 0     gather_buf 0
xbar: (44, 6, 0, 0)     conv_size (14, 14)      conv_buf 34816  pool_buf --     inter_buf 0     merge_buf 0     gather_buf 0
xbar: (44, 7, 0, 0)     conv_size (14, 14)      conv_buf 34816  pool_buf --     inter_buf 0     merge_buf 0     gather_buf 0
xbar: (45, 0, 0, 1)     conv_size (14, 14)      conv_buf 35328  pool_buf --     inter_buf 0     merge_buf 0     gather_buf 0
xbar: (45, 1, 0, 1)     conv_size (14, 14)      conv_buf 35328  pool_buf --     inter_buf 0     merge_buf 0     gather_buf 0
xbar: (45, 0, 1, 0)     conv_size (14, 14)      conv_buf 35328  pool_buf --     inter_buf 0     merge_buf 0     gather_buf 0
xbar: (45, 0, 1, 1)     conv_size (14, 14)      conv_buf 35328  pool_buf --     inter_buf 0     merge_buf 0     gather_buf 0
xbar: (45, 1, 1, 0)     conv_size (14, 14)      conv_buf 35328  pool_buf --     inter_buf 0     merge_buf 0     gather_buf 0
xbar: (45, 1, 1, 1)     conv_size (14, 14)      conv_buf 35328  pool_buf --     inter_buf 0     merge_buf 0     gather_buf 0
xbar: (45, 0, 0, 0)     conv_size (14, 14)      conv_buf 35328  pool_buf --     inter_buf 0     merge_buf 0     gather_buf 0
xbar: (45, 1, 0, 0)     conv_size (14, 14)      conv_buf 35328  pool_buf --     inter_buf 0     merge_buf 0     gather_buf 0
xbar: (46, 0, 1, 0)     conv_size (7, 7)        conv_buf 8704   pool_buf --     inter_buf 0     merge_buf 0     gather_buf 0
xbar: (46, 1, 1, 0)     conv_size (7, 7)        conv_buf 8704   pool_buf --     inter_buf 0     merge_buf 0     gather_buf 0
xbar: (46, 2, 1, 0)     conv_size (7, 7)        conv_buf 8704   pool_buf --     inter_buf 0     merge_buf 0     gather_buf 0
xbar: (46, 3, 1, 0)     conv_size (7, 7)        conv_buf 8704   pool_buf --     inter_buf 0     merge_buf 0     gather_buf 0
xbar: (46, 4, 1, 0)     conv_size (7, 7)        conv_buf 8704   pool_buf --     inter_buf 0     merge_buf 0     gather_buf 0
xbar: (46, 5, 1, 0)     conv_size (7, 7)        conv_buf 8704   pool_buf --     inter_buf 0     merge_buf 0     gather_buf 0
xbar: (46, 6, 1, 0)     conv_size (7, 7)        conv_buf 8704   pool_buf --     inter_buf 0     merge_buf 0     gather_buf 0
xbar: (46, 7, 1, 0)     conv_size (7, 7)        conv_buf 8704   pool_buf --     inter_buf 0     merge_buf 0     gather_buf 0
xbar: (46, 0, 0, 0)     conv_size (7, 7)        conv_buf 8704   pool_buf --     inter_buf 0     merge_buf 0     gather_buf 14336
xbar: (46, 1, 0, 0)     conv_size (7, 7)        conv_buf 8704   pool_buf --     inter_buf 0     merge_buf 0     gather_buf 14336
xbar: (46, 2, 0, 0)     conv_size (7, 7)        conv_buf 8704   pool_buf --     inter_buf 0     merge_buf 0     gather_buf 14336
xbar: (46, 3, 0, 0)     conv_size (7, 7)        conv_buf 8704   pool_buf --     inter_buf 0     merge_buf 0     gather_buf 14336
xbar: (46, 4, 0, 0)     conv_size (7, 7)        conv_buf 8704   pool_buf --     inter_buf 0     merge_buf 0     gather_buf 14336
xbar: (46, 5, 0, 0)     conv_size (7, 7)        conv_buf 8704   pool_buf --     inter_buf 0     merge_buf 0     gather_buf 14336
xbar: (46, 6, 0, 0)     conv_size (7, 7)        conv_buf 8704   pool_buf --     inter_buf 0     merge_buf 0     gather_buf 14336
xbar: (46, 7, 0, 0)     conv_size (7, 7)        conv_buf 8704   pool_buf --     inter_buf 0     merge_buf 0     gather_buf 14336
xbar: (47, 0, 1, 0)     conv_size (7, 7)        conv_buf 8704   pool_buf --     inter_buf 0     merge_buf 0     gather_buf 0
xbar: (47, 1, 1, 0)     conv_size (7, 7)        conv_buf 8704   pool_buf --     inter_buf 0     merge_buf 0     gather_buf 0
xbar: (47, 0, 2, 0)     conv_size (7, 7)        conv_buf 8704   pool_buf --     inter_buf 0     merge_buf 0     gather_buf 0
xbar: (47, 1, 2, 0)     conv_size (7, 7)        conv_buf 8704   pool_buf --     inter_buf 0     merge_buf 0     gather_buf 0
xbar: (47, 0, 3, 0)     conv_size (7, 7)        conv_buf 8704   pool_buf --     inter_buf 0     merge_buf 0     gather_buf 0
xbar: (47, 1, 3, 0)     conv_size (7, 7)        conv_buf 8704   pool_buf --     inter_buf 0     merge_buf 0     gather_buf 0
xbar: (47, 0, 4, 0)     conv_size (7, 7)        conv_buf 8704   pool_buf --     inter_buf 0     merge_buf 0     gather_buf 0
xbar: (47, 1, 4, 0)     conv_size (7, 7)        conv_buf 8704   pool_buf --     inter_buf 0     merge_buf 0     gather_buf 0
xbar: (47, 0, 5, 0)     conv_size (7, 7)        conv_buf 8704   pool_buf --     inter_buf 0     merge_buf 0     gather_buf 0
xbar: (47, 1, 5, 0)     conv_size (7, 7)        conv_buf 8704   pool_buf --     inter_buf 0     merge_buf 0     gather_buf 0
xbar: (47, 0, 6, 0)     conv_size (7, 7)        conv_buf 8704   pool_buf --     inter_buf 0     merge_buf 0     gather_buf 0
xbar: (47, 1, 6, 0)     conv_size (7, 7)        conv_buf 8704   pool_buf --     inter_buf 0     merge_buf 0     gather_buf 0
xbar: (47, 0, 7, 0)     conv_size (7, 7)        conv_buf 8704   pool_buf --     inter_buf 0     merge_buf 0     gather_buf 0
xbar: (47, 1, 7, 0)     conv_size (7, 7)        conv_buf 8704   pool_buf --     inter_buf 0     merge_buf 0     gather_buf 0
xbar: (47, 0, 0, 0)     conv_size (7, 7)        conv_buf 8704   pool_buf --     inter_buf 0     merge_buf 0     gather_buf 0
xbar: (47, 1, 0, 0)     conv_size (7, 7)        conv_buf 8704   pool_buf --     inter_buf 0     merge_buf 0     gather_buf 0
xbar: (48, 0, 0, 1)     conv_size (7, 7)        conv_buf 12544  pool_buf --     inter_buf 0     merge_buf 0     gather_buf 0
xbar: (48, 1, 0, 1)     conv_size (7, 7)        conv_buf 12544  pool_buf --     inter_buf 0     merge_buf 0     gather_buf 0
xbar: (48, 0, 1, 0)     conv_size (7, 7)        conv_buf 12544  pool_buf --     inter_buf 0     merge_buf 0     gather_buf 0
xbar: (48, 0, 1, 1)     conv_size (7, 7)        conv_buf 12544  pool_buf --     inter_buf 0     merge_buf 0     gather_buf 0
xbar: (48, 1, 1, 0)     conv_size (7, 7)        conv_buf 12544  pool_buf --     inter_buf 0     merge_buf 0     gather_buf 0
xbar: (48, 1, 1, 1)     conv_size (7, 7)        conv_buf 12544  pool_buf --     inter_buf 0     merge_buf 0     gather_buf 0
xbar: (48, 0, 0, 0)     conv_size (7, 7)        conv_buf 12544  pool_buf --     inter_buf 0     merge_buf 0     gather_buf 0
xbar: (48, 1, 0, 0)     conv_size (7, 7)        conv_buf 12544  pool_buf --     inter_buf 0     merge_buf 0     gather_buf 0
xbar: (49, 0, 1, 0)     conv_size (7, 7)        conv_buf 10496  pool_buf --     inter_buf 0     merge_buf 0     gather_buf 0
xbar: (49, 1, 1, 0)     conv_size (7, 7)        conv_buf 10496  pool_buf --     inter_buf 0     merge_buf 0     gather_buf 0
xbar: (49, 2, 1, 0)     conv_size (7, 7)        conv_buf 10496  pool_buf --     inter_buf 0     merge_buf 0     gather_buf 0
xbar: (49, 3, 1, 0)     conv_size (7, 7)        conv_buf 10496  pool_buf --     inter_buf 0     merge_buf 0     gather_buf 0
xbar: (49, 4, 1, 0)     conv_size (7, 7)        conv_buf 10496  pool_buf --     inter_buf 0     merge_buf 0     gather_buf 0
xbar: (49, 5, 1, 0)     conv_size (7, 7)        conv_buf 10496  pool_buf --     inter_buf 0     merge_buf 0     gather_buf 0
xbar: (49, 6, 1, 0)     conv_size (7, 7)        conv_buf 10496  pool_buf --     inter_buf 0     merge_buf 0     gather_buf 0
xbar: (49, 7, 1, 0)     conv_size (7, 7)        conv_buf 10496  pool_buf --     inter_buf 0     merge_buf 0     gather_buf 0
xbar: (49, 0, 0, 0)     conv_size (7, 7)        conv_buf 10496  pool_buf --     inter_buf 0     merge_buf 0     gather_buf 16384
xbar: (49, 1, 0, 0)     conv_size (7, 7)        conv_buf 10496  pool_buf --     inter_buf 0     merge_buf 0     gather_buf 16384
xbar: (49, 2, 0, 0)     conv_size (7, 7)        conv_buf 10496  pool_buf --     inter_buf 0     merge_buf 0     gather_buf 16384
xbar: (49, 3, 0, 0)     conv_size (7, 7)        conv_buf 10496  pool_buf --     inter_buf 0     merge_buf 0     gather_buf 16384
xbar: (49, 4, 0, 0)     conv_size (7, 7)        conv_buf 10496  pool_buf --     inter_buf 0     merge_buf 0     gather_buf 16384
xbar: (49, 5, 0, 0)     conv_size (7, 7)        conv_buf 10496  pool_buf --     inter_buf 0     merge_buf 0     gather_buf 16384
xbar: (49, 6, 0, 0)     conv_size (7, 7)        conv_buf 10496  pool_buf --     inter_buf 0     merge_buf 0     gather_buf 16384
xbar: (49, 7, 0, 0)     conv_size (7, 7)        conv_buf 10496  pool_buf --     inter_buf 0     merge_buf 0     gather_buf 16384
xbar: (50, 0, 1, 0)     conv_size (7, 7)        conv_buf 10496  pool_buf --     inter_buf 0     merge_buf 0     gather_buf 0
xbar: (50, 1, 1, 0)     conv_size (7, 7)        conv_buf 10496  pool_buf --     inter_buf 0     merge_buf 0     gather_buf 0
xbar: (50, 0, 2, 0)     conv_size (7, 7)        conv_buf 10496  pool_buf --     inter_buf 0     merge_buf 0     gather_buf 0
xbar: (50, 1, 2, 0)     conv_size (7, 7)        conv_buf 10496  pool_buf --     inter_buf 0     merge_buf 0     gather_buf 0
xbar: (50, 0, 3, 0)     conv_size (7, 7)        conv_buf 10496  pool_buf --     inter_buf 0     merge_buf 0     gather_buf 0
xbar: (50, 1, 3, 0)     conv_size (7, 7)        conv_buf 10496  pool_buf --     inter_buf 0     merge_buf 0     gather_buf 0
xbar: (50, 0, 4, 0)     conv_size (7, 7)        conv_buf 10496  pool_buf --     inter_buf 0     merge_buf 0     gather_buf 0
xbar: (50, 1, 4, 0)     conv_size (7, 7)        conv_buf 10496  pool_buf --     inter_buf 0     merge_buf 0     gather_buf 0
xbar: (50, 0, 5, 0)     conv_size (7, 7)        conv_buf 10496  pool_buf --     inter_buf 0     merge_buf 0     gather_buf 0
xbar: (50, 1, 5, 0)     conv_size (7, 7)        conv_buf 10496  pool_buf --     inter_buf 0     merge_buf 0     gather_buf 0
xbar: (50, 0, 6, 0)     conv_size (7, 7)        conv_buf 10496  pool_buf --     inter_buf 0     merge_buf 0     gather_buf 0
xbar: (50, 1, 6, 0)     conv_size (7, 7)        conv_buf 10496  pool_buf --     inter_buf 0     merge_buf 0     gather_buf 0
xbar: (50, 0, 7, 0)     conv_size (7, 7)        conv_buf 10496  pool_buf --     inter_buf 0     merge_buf 0     gather_buf 0
xbar: (50, 1, 7, 0)     conv_size (7, 7)        conv_buf 10496  pool_buf --     inter_buf 0     merge_buf 0     gather_buf 0
xbar: (50, 0, 0, 0)     conv_size (7, 7)        conv_buf 10496  pool_buf --     inter_buf 0     merge_buf 0     gather_buf 0
xbar: (50, 1, 0, 0)     conv_size (7, 7)        conv_buf 10496  pool_buf --     inter_buf 0     merge_buf 0     gather_buf 0
xbar: (51, 0, 0, 1)     conv_size (7, 7)        conv_buf 12544  pool_buf --     inter_buf 0     merge_buf 0     gather_buf 0
xbar: (51, 1, 0, 1)     conv_size (7, 7)        conv_buf 12544  pool_buf --     inter_buf 0     merge_buf 0     gather_buf 0
xbar: (51, 0, 1, 0)     conv_size (7, 7)        conv_buf 12544  pool_buf --     inter_buf 0     merge_buf 0     gather_buf 0
xbar: (51, 0, 1, 1)     conv_size (7, 7)        conv_buf 12544  pool_buf --     inter_buf 0     merge_buf 0     gather_buf 0
xbar: (51, 1, 1, 0)     conv_size (7, 7)        conv_buf 12544  pool_buf --     inter_buf 0     merge_buf 0     gather_buf 0
xbar: (51, 1, 1, 1)     conv_size (7, 7)        conv_buf 12544  pool_buf --     inter_buf 0     merge_buf 0     gather_buf 0
xbar: (51, 0, 0, 0)     conv_size (7, 7)        conv_buf 12544  pool_buf --     inter_buf 0     merge_buf 0     gather_buf 0
xbar: (51, 1, 0, 0)     conv_size (7, 7)        conv_buf 12544  pool_buf --     inter_buf 0     merge_buf 0     gather_buf 0
xbar: (52, 0, 1, 0)     conv_size (7, 7)        conv_buf 12288  pool_buf --     inter_buf 0     merge_buf 0     gather_buf 0
xbar: (52, 1, 1, 0)     conv_size (7, 7)        conv_buf 12288  pool_buf --     inter_buf 0     merge_buf 0     gather_buf 0
xbar: (52, 2, 1, 0)     conv_size (7, 7)        conv_buf 12288  pool_buf --     inter_buf 0     merge_buf 0     gather_buf 0
xbar: (52, 3, 1, 0)     conv_size (7, 7)        conv_buf 12288  pool_buf --     inter_buf 0     merge_buf 0     gather_buf 0
xbar: (52, 4, 1, 0)     conv_size (7, 7)        conv_buf 12288  pool_buf --     inter_buf 0     merge_buf 0     gather_buf 0
xbar: (52, 5, 1, 0)     conv_size (7, 7)        conv_buf 12288  pool_buf --     inter_buf 0     merge_buf 0     gather_buf 0
xbar: (52, 6, 1, 0)     conv_size (7, 7)        conv_buf 12288  pool_buf --     inter_buf 0     merge_buf 0     gather_buf 0
xbar: (52, 7, 1, 0)     conv_size (7, 7)        conv_buf 12288  pool_buf --     inter_buf 0     merge_buf 0     gather_buf 0
xbar: (52, 0, 0, 0)     conv_size (7, 7)        conv_buf 12288  pool_buf --     inter_buf 0     merge_buf 0     gather_buf 14336
xbar: (52, 1, 0, 0)     conv_size (7, 7)        conv_buf 12288  pool_buf --     inter_buf 0     merge_buf 0     gather_buf 14336
xbar: (52, 2, 0, 0)     conv_size (7, 7)        conv_buf 12288  pool_buf --     inter_buf 0     merge_buf 0     gather_buf 14336
xbar: (52, 3, 0, 0)     conv_size (7, 7)        conv_buf 12288  pool_buf --     inter_buf 0     merge_buf 0     gather_buf 14336
xbar: (52, 4, 0, 0)     conv_size (7, 7)        conv_buf 12288  pool_buf --     inter_buf 0     merge_buf 0     gather_buf 14336
xbar: (52, 5, 0, 0)     conv_size (7, 7)        conv_buf 12288  pool_buf --     inter_buf 0     merge_buf 0     gather_buf 14336
xbar: (52, 6, 0, 0)     conv_size (7, 7)        conv_buf 12288  pool_buf --     inter_buf 0     merge_buf 0     gather_buf 14336
xbar: (52, 7, 0, 0)     conv_size (7, 7)        conv_buf 12288  pool_buf --     inter_buf 0     merge_buf 0     gather_buf 14336

connection: cast_from_(0, 0, 0, 0)      load: 200704    #channel 64
connection: cast_from_(1, 0, 0, 0)      load: 200704    #channel 64
connection: gather_from_(2, 0, 0, 0)    load: 802816    #channel 256
connection: cast_from_(3, 0, 0, 0)      load: 200704    #channel 64
connection: cast_from_(4, 0, 0, 0)      load: 802816    #channel 256
connection: gather_from_(4, 0, 0, 0)    load: 802816    #channel 256
connection: cast_from_(5, 0, 0, 0)      load: 200704    #channel 64
connection: cast_from_(6, 0, 0, 0)      load: 200704    #channel 64
connection: cast_from_(7, 0, 0, 0)      load: 802816    #channel 256
connection: gather_from_(7, 0, 0, 0)    load: 802816    #channel 256
connection: cast_from_(8, 0, 0, 0)      load: 200704    #channel 64
connection: cast_from_(9, 0, 0, 0)      load: 200704    #channel 64
connection: cast_from_(10, 0, 0, 0)     load: 802816    #channel 256
connection: cast_from_(11, 0, 0, 0)     load: 401408    #channel 128
connection: gather_from_(12, 0, 0, 0)   load: 200704    #channel 256
connection: gather_from_(12, 1, 0, 0)   load: 200704    #channel 256
connection: cast_from_(13, 0, 0, 0)     load: 100352    #channel 128
connection: cast_from_(14, 0, 0, 0)     load: 200704    #channel 256
connection: gather_from_(14, 0, 0, 0)   load: 200704    #channel 256
connection: cast_from_(14, 1, 0, 0)     load: 200704    #channel 256
connection: gather_from_(14, 1, 0, 0)   load: 200704    #channel 256
connection: merge_to_(15, 0, 0, 0)      load: 100352    #channel 128
connection: cast_from_(15, 0, 0, 0)     load: 100352    #channel 128
connection: cast_from_(16, 0, 0, 0)     load: 100352    #channel 128
connection: cast_from_(17, 0, 0, 0)     load: 200704    #channel 256
connection: gather_from_(17, 0, 0, 0)   load: 200704    #channel 256
connection: cast_from_(17, 1, 0, 0)     load: 200704    #channel 256
connection: gather_from_(17, 1, 0, 0)   load: 200704    #channel 256
connection: merge_to_(18, 0, 0, 0)      load: 100352    #channel 128
connection: cast_from_(18, 0, 0, 0)     load: 100352    #channel 128
connection: cast_from_(19, 0, 0, 0)     load: 100352    #channel 128
connection: cast_from_(20, 0, 0, 0)     load: 200704    #channel 256
connection: gather_from_(20, 0, 0, 0)   load: 200704    #channel 256
connection: cast_from_(20, 1, 0, 0)     load: 200704    #channel 256
connection: gather_from_(20, 1, 0, 0)   load: 200704    #channel 256
connection: merge_to_(21, 0, 0, 0)      load: 100352    #channel 128
connection: cast_from_(21, 0, 0, 0)     load: 100352    #channel 128
connection: cast_from_(22, 0, 0, 0)     load: 100352    #channel 128
connection: cast_from_(23, 0, 0, 0)     load: 200704    #channel 256
connection: cast_from_(23, 1, 0, 0)     load: 200704    #channel 256
connection: merge_to_(24, 0, 0, 0)      load: 200704    #channel 256
connection: merge_to_(25, 0, 0, 0)      load: 50176     #channel 256
connection: merge_to_(25, 1, 0, 0)      load: 50176     #channel 256
connection: merge_to_(25, 2, 0, 0)      load: 50176     #channel 256
connection: merge_to_(25, 3, 0, 0)      load: 50176     #channel 256
connection: cast_from_(24, 0, 0, 0)     load: 200704    #channel 256
connection: gather_from_(25, 0, 0, 0)   load: 50176     #channel 256
connection: gather_from_(25, 1, 0, 0)   load: 50176     #channel 256
connection: gather_from_(25, 2, 0, 0)   load: 50176     #channel 256
connection: gather_from_(25, 3, 0, 0)   load: 50176     #channel 256
connection: merge_to_(26, 0, 0, 0)      load: 50176     #channel 256
connection: cast_from_(26, 0, 0, 0)     load: 50176     #channel 256
connection: cast_from_(27, 0, 0, 0)     load: 50176     #channel 256
connection: gather_from_(27, 0, 0, 0)   load: 50176     #channel 256
connection: cast_from_(27, 1, 0, 0)     load: 50176     #channel 256
connection: gather_from_(27, 1, 0, 0)   load: 50176     #channel 256
connection: cast_from_(27, 2, 0, 0)     load: 50176     #channel 256
connection: gather_from_(27, 2, 0, 0)   load: 50176     #channel 256
connection: cast_from_(27, 3, 0, 0)     load: 50176     #channel 256
connection: gather_from_(27, 3, 0, 0)   load: 50176     #channel 256
connection: merge_to_(28, 0, 0, 0)      load: 50176     #channel 256
connection: cast_from_(28, 0, 0, 0)     load: 50176     #channel 256
connection: merge_to_(29, 0, 0, 0)      load: 50176     #channel 256
connection: cast_from_(29, 0, 0, 0)     load: 50176     #channel 256
connection: cast_from_(30, 0, 0, 0)     load: 50176     #channel 256
connection: gather_from_(30, 0, 0, 0)   load: 50176     #channel 256
connection: cast_from_(30, 1, 0, 0)     load: 50176     #channel 256
connection: gather_from_(30, 1, 0, 0)   load: 50176     #channel 256
connection: cast_from_(30, 2, 0, 0)     load: 50176     #channel 256
connection: gather_from_(30, 2, 0, 0)   load: 50176     #channel 256
connection: cast_from_(30, 3, 0, 0)     load: 50176     #channel 256
connection: gather_from_(30, 3, 0, 0)   load: 50176     #channel 256
connection: merge_to_(31, 0, 0, 0)      load: 50176     #channel 256
connection: cast_from_(31, 0, 0, 0)     load: 50176     #channel 256
connection: merge_to_(32, 0, 0, 0)      load: 50176     #channel 256
connection: cast_from_(32, 0, 0, 0)     load: 50176     #channel 256
connection: cast_from_(33, 0, 0, 0)     load: 50176     #channel 256
connection: gather_from_(33, 0, 0, 0)   load: 50176     #channel 256
connection: cast_from_(33, 1, 0, 0)     load: 50176     #channel 256
connection: gather_from_(33, 1, 0, 0)   load: 50176     #channel 256
connection: cast_from_(33, 2, 0, 0)     load: 50176     #channel 256
connection: gather_from_(33, 2, 0, 0)   load: 50176     #channel 256
connection: cast_from_(33, 3, 0, 0)     load: 50176     #channel 256
connection: gather_from_(33, 3, 0, 0)   load: 50176     #channel 256
connection: merge_to_(34, 0, 0, 0)      load: 50176     #channel 256
connection: cast_from_(34, 0, 0, 0)     load: 50176     #channel 256
connection: merge_to_(35, 0, 0, 0)      load: 50176     #channel 256
connection: cast_from_(35, 0, 0, 0)     load: 50176     #channel 256
connection: cast_from_(36, 0, 0, 0)     load: 50176     #channel 256
connection: gather_from_(36, 0, 0, 0)   load: 50176     #channel 256
connection: cast_from_(36, 1, 0, 0)     load: 50176     #channel 256
connection: gather_from_(36, 1, 0, 0)   load: 50176     #channel 256
connection: cast_from_(36, 2, 0, 0)     load: 50176     #channel 256
connection: gather_from_(36, 2, 0, 0)   load: 50176     #channel 256
connection: cast_from_(36, 3, 0, 0)     load: 50176     #channel 256
connection: gather_from_(36, 3, 0, 0)   load: 50176     #channel 256
connection: merge_to_(37, 0, 0, 0)      load: 50176     #channel 256
connection: cast_from_(37, 0, 0, 0)     load: 50176     #channel 256
connection: merge_to_(38, 0, 0, 0)      load: 50176     #channel 256
connection: cast_from_(38, 0, 0, 0)     load: 50176     #channel 256
connection: cast_from_(39, 0, 0, 0)     load: 50176     #channel 256
connection: gather_from_(39, 0, 0, 0)   load: 50176     #channel 256
connection: cast_from_(39, 1, 0, 0)     load: 50176     #channel 256
connection: gather_from_(39, 1, 0, 0)   load: 50176     #channel 256
connection: cast_from_(39, 2, 0, 0)     load: 50176     #channel 256
connection: gather_from_(39, 2, 0, 0)   load: 50176     #channel 256
connection: cast_from_(39, 3, 0, 0)     load: 50176     #channel 256
connection: gather_from_(39, 3, 0, 0)   load: 50176     #channel 256
connection: merge_to_(40, 0, 0, 0)      load: 50176     #channel 256
connection: cast_from_(40, 0, 0, 0)     load: 50176     #channel 256
connection: merge_to_(41, 0, 0, 0)      load: 50176     #channel 256
connection: cast_from_(41, 0, 0, 0)     load: 50176     #channel 256
connection: cast_from_(42, 0, 0, 0)     load: 50176     #channel 256
connection: cast_from_(42, 1, 0, 0)     load: 50176     #channel 256
connection: cast_from_(42, 2, 0, 0)     load: 50176     #channel 256
connection: cast_from_(42, 3, 0, 0)     load: 50176     #channel 256
connection: merge_to_(43, 0, 0, 0)      load: 50176     #channel 256
connection: merge_to_(43, 1, 0, 0)      load: 50176     #channel 256
connection: merge_to_(44, 0, 0, 0)      load: 12544     #channel 256
connection: merge_to_(44, 1, 0, 0)      load: 12544     #channel 256
connection: merge_to_(44, 2, 0, 0)      load: 12544     #channel 256
connection: merge_to_(44, 3, 0, 0)      load: 12544     #channel 256
connection: merge_to_(44, 4, 0, 0)      load: 12544     #channel 256
connection: merge_to_(44, 5, 0, 0)      load: 12544     #channel 256
connection: merge_to_(44, 6, 0, 0)      load: 12544     #channel 256
connection: merge_to_(44, 7, 0, 0)      load: 12544     #channel 256
connection: cast_from_(43, 0, 0, 0)     load: 50176     #channel 256
connection: cast_from_(43, 1, 0, 0)     load: 50176     #channel 256
connection: gather_from_(44, 0, 0, 0)   load: 12544     #channel 256
connection: gather_from_(44, 1, 0, 0)   load: 12544     #channel 256
connection: gather_from_(44, 2, 0, 0)   load: 12544     #channel 256
connection: gather_from_(44, 3, 0, 0)   load: 12544     #channel 256
connection: gather_from_(44, 4, 0, 0)   load: 12544     #channel 256
connection: gather_from_(44, 5, 0, 0)   load: 12544     #channel 256
connection: gather_from_(44, 6, 0, 0)   load: 12544     #channel 256
connection: gather_from_(44, 7, 0, 0)   load: 12544     #channel 256
connection: merge_to_(45, 0, 0, 0)      load: 12544     #channel 256
connection: merge_to_(45, 1, 0, 0)      load: 12544     #channel 256
connection: cast_from_(45, 0, 0, 0)     load: 12544     #channel 256
connection: cast_from_(45, 1, 0, 0)     load: 12544     #channel 256
connection: merge_to_(46, 0, 0, 0)      load: 12544     #channel 256
connection: merge_to_(46, 1, 0, 0)      load: 12544     #channel 256
connection: merge_to_(46, 2, 0, 0)      load: 12544     #channel 256
connection: merge_to_(46, 3, 0, 0)      load: 12544     #channel 256
connection: merge_to_(46, 4, 0, 0)      load: 12544     #channel 256
connection: merge_to_(46, 5, 0, 0)      load: 12544     #channel 256
connection: merge_to_(46, 6, 0, 0)      load: 12544     #channel 256
connection: merge_to_(46, 7, 0, 0)      load: 12544     #channel 256
connection: cast_from_(46, 0, 0, 0)     load: 12544     #channel 256
connection: gather_from_(46, 0, 0, 0)   load: 12544     #channel 256
connection: cast_from_(46, 1, 0, 0)     load: 12544     #channel 256
connection: gather_from_(46, 1, 0, 0)   load: 12544     #channel 256
connection: cast_from_(46, 2, 0, 0)     load: 12544     #channel 256
connection: gather_from_(46, 2, 0, 0)   load: 12544     #channel 256
connection: cast_from_(46, 3, 0, 0)     load: 12544     #channel 256
connection: gather_from_(46, 3, 0, 0)   load: 12544     #channel 256
connection: cast_from_(46, 4, 0, 0)     load: 12544     #channel 256
connection: gather_from_(46, 4, 0, 0)   load: 12544     #channel 256
connection: cast_from_(46, 5, 0, 0)     load: 12544     #channel 256
connection: gather_from_(46, 5, 0, 0)   load: 12544     #channel 256
connection: cast_from_(46, 6, 0, 0)     load: 12544     #channel 256
connection: gather_from_(46, 6, 0, 0)   load: 12544     #channel 256
connection: cast_from_(46, 7, 0, 0)     load: 12544     #channel 256
connection: gather_from_(46, 7, 0, 0)   load: 12544     #channel 256
connection: merge_to_(47, 0, 0, 0)      load: 12544     #channel 256
connection: merge_to_(47, 1, 0, 0)      load: 12544     #channel 256
connection: cast_from_(47, 0, 0, 0)     load: 12544     #channel 256
connection: cast_from_(47, 1, 0, 0)     load: 12544     #channel 256
connection: merge_to_(48, 0, 0, 0)      load: 12544     #channel 256
connection: merge_to_(48, 1, 0, 0)      load: 12544     #channel 256
connection: cast_from_(48, 0, 0, 0)     load: 12544     #channel 256
connection: cast_from_(48, 1, 0, 0)     load: 12544     #channel 256
connection: merge_to_(49, 0, 0, 0)      load: 12544     #channel 256
connection: merge_to_(49, 1, 0, 0)      load: 12544     #channel 256
connection: merge_to_(49, 2, 0, 0)      load: 12544     #channel 256
connection: merge_to_(49, 3, 0, 0)      load: 12544     #channel 256
connection: merge_to_(49, 4, 0, 0)      load: 12544     #channel 256
connection: merge_to_(49, 5, 0, 0)      load: 12544     #channel 256
connection: merge_to_(49, 6, 0, 0)      load: 12544     #channel 256
connection: merge_to_(49, 7, 0, 0)      load: 12544     #channel 256
connection: cast_from_(49, 0, 0, 0)     load: 12544     #channel 256
connection: gather_from_(49, 0, 0, 0)   load: 12544     #channel 256
connection: cast_from_(49, 1, 0, 0)     load: 12544     #channel 256
connection: gather_from_(49, 1, 0, 0)   load: 12544     #channel 256
connection: cast_from_(49, 2, 0, 0)     load: 12544     #channel 256
connection: gather_from_(49, 2, 0, 0)   load: 12544     #channel 256
connection: cast_from_(49, 3, 0, 0)     load: 12544     #channel 256
connection: gather_from_(49, 3, 0, 0)   load: 12544     #channel 256
connection: cast_from_(49, 4, 0, 0)     load: 12544     #channel 256
connection: gather_from_(49, 4, 0, 0)   load: 12544     #channel 256
connection: cast_from_(49, 5, 0, 0)     load: 12544     #channel 256
connection: gather_from_(49, 5, 0, 0)   load: 12544     #channel 256
connection: cast_from_(49, 6, 0, 0)     load: 12544     #channel 256
connection: gather_from_(49, 6, 0, 0)   load: 12544     #channel 256
connection: cast_from_(49, 7, 0, 0)     load: 12544     #channel 256
connection: gather_from_(49, 7, 0, 0)   load: 12544     #channel 256
connection: merge_to_(50, 0, 0, 0)      load: 12544     #channel 256
connection: merge_to_(50, 1, 0, 0)      load: 12544     #channel 256
connection: cast_from_(50, 0, 0, 0)     load: 12544     #channel 256
connection: cast_from_(50, 1, 0, 0)     load: 12544     #channel 256
connection: merge_to_(51, 0, 0, 0)      load: 12544     #channel 256
connection: merge_to_(51, 1, 0, 0)      load: 12544     #channel 256
connection: cast_from_(51, 0, 0, 0)     load: 12544     #channel 256
connection: cast_from_(51, 1, 0, 0)     load: 12544     #channel 256
connection: merge_to_(52, 0, 0, 0)      load: 12544     #channel 256
connection: merge_to_(52, 1, 0, 0)      load: 12544     #channel 256
connection: merge_to_(52, 2, 0, 0)      load: 12544     #channel 256
connection: merge_to_(52, 3, 0, 0)      load: 12544     #channel 256
connection: merge_to_(52, 4, 0, 0)      load: 12544     #channel 256
connection: merge_to_(52, 5, 0, 0)      load: 12544     #channel 256
connection: merge_to_(52, 6, 0, 0)      load: 12544     #channel 256
connection: merge_to_(52, 7, 0, 0)      load: 12544     #channel 256